<?xml version="1.0" encoding="UTF-8"?>

<mule xmlns:tracking="http://www.mulesoft.org/schema/mule/ee/tracking" xmlns:ee="http://www.mulesoft.org/schema/mule/ee/core"
	  xmlns:healthcheck="http://www.mulesoft.org/schema/mule/healthcheck"
	  xmlns:http="http://www.mulesoft.org/schema/mule/http" xmlns="http://www.mulesoft.org/schema/mule/core" xmlns:doc="http://www.mulesoft.org/schema/mule/documentation" xmlns:xsi="http://www.w3.org/2001/XMLSchema-instance" xsi:schemaLocation="http://www.mulesoft.org/schema/mule/core http://www.mulesoft.org/schema/mule/core/current/mule.xsd
http://www.mulesoft.org/schema/mule/http http://www.mulesoft.org/schema/mule/http/current/mule-http.xsd
http://www.mulesoft.org/schema/mule/healthcheck http://www.mulesoft.org/schema/mule/healthcheck/current/mule-healthcheck.xsd
http://www.mulesoft.org/schema/mule/ee/core http://www.mulesoft.org/schema/mule/ee/core/current/mule-ee.xsd
http://www.mulesoft.org/schema/mule/ee/tracking http://www.mulesoft.org/schema/mule/ee/tracking/current/mule-tracking-ee.xsd">



	<flow name="heartbeat-no-ext" doc:id="2d3c3b07-f7f6-433f-8cf3-f713e705a819">
		<logger level="INFO" doc:name="END" doc:id="f0a04e8b-5988-4d70-9f3b-6c0fd985300b" message="TEST-LOGGER" />
	</flow>
</mule>